<?xml version="1.0" encoding="UTF-8"?>
<testsuite xmlns:xsi="http://www.w3.org/2001/XMLSchema-instance" xsi:noNamespaceSchemaLocation="https://maven.apache.org/surefire/maven-surefire-plugin/xsd/surefire-test-report.xsd" name="iso.e02.planify.controllers.RecoveryControllerTest" time="0.006" tests="2" errors="0" skipped="0" failures="0">
  <properties>
    <property name="java.specification.version" value="23"/>
    <property name="sun.jnu.encoding" value="UTF-8"/>
    <property name="java.class.path" value="/Users/albertoc.monje/Documents/GitHub/Planify-Backend/Planify-BE-2024-1.0/target/test-classes:/Users/albertoc.monje/Documents/GitHub/Planify-Backend/Planify-BE-2024-1.0/target/classes:/Users/albertoc.monje/.m2/repository/org/springframework/boot/spring-boot-starter-web/3.0.1/spring-boot-starter-web-3.0.1.jar:/Users/albertoc.monje/.m2/repository/org/springframework/boot/spring-boot-starter/3.0.1/spring-boot-starter-3.0.1.jar:/Users/albertoc.monje/.m2/repository/org/springframework/boot/spring-boot-starter-logging/3.0.1/spring-boot-starter-logging-3.0.1.jar:/Users/albertoc.monje/.m2/repository/ch/qos/logback/logback-classic/1.4.5/logback-classic-1.4.5.jar:/Users/albertoc.monje/.m2/repository/ch/qos/logback/logback-core/1.4.5/logback-core-1.4.5.jar:/Users/albertoc.monje/.m2/repository/org/apache/logging/log4j/log4j-to-slf4j/2.19.0/log4j-to-slf4j-2.19.0.jar:/Users/albertoc.monje/.m2/repository/org/apache/logging/log4j/log4j-api/2.19.0/log4j-api-2.19.0.jar:/Users/albertoc.monje/.m2/repository/org/slf4j/jul-to-slf4j/2.0.6/jul-to-slf4j-2.0.6.jar:/Users/albertoc.monje/.m2/repository/jakarta/annotation/jakarta.annotation-api/2.1.1/jakarta.annotation-api-2.1.1.jar:/Users/albertoc.monje/.m2/repository/org/yaml/snakeyaml/1.33/snakeyaml-1.33.jar:/Users/albertoc.monje/.m2/repository/org/springframework/boot/spring-boot-starter-json/3.0.1/spring-boot-starter-json-3.0.1.jar:/Users/albertoc.monje/.m2/repository/com/fasterxml/jackson/datatype/jackson-datatype-jdk8/2.14.1/jackson-datatype-jdk8-2.14.1.jar:/Users/albertoc.monje/.m2/repository/com/fasterxml/jackson/datatype/jackson-datatype-jsr310/2.14.1/jackson-datatype-jsr310-2.14.1.jar:/Users/albertoc.monje/.m2/repository/com/fasterxml/jackson/module/jackson-module-parameter-names/2.14.1/jackson-module-parameter-names-2.14.1.jar:/Users/albertoc.monje/.m2/repository/org/springframework/boot/spring-boot-starter-tomcat/3.0.1/spring-boot-starter-tomcat-3.0.1.jar:/Users/albertoc.monje/.m2/repository/org/apache/tomcat/embed/tomcat-embed-core/10.1.4/tomcat-embed-core-10.1.4.jar:/Users/albertoc.monje/.m2/repository/org/apache/tomcat/embed/tomcat-embed-el/10.1.4/tomcat-embed-el-10.1.4.jar:/Users/albertoc.monje/.m2/repository/org/apache/tomcat/embed/tomcat-embed-websocket/10.1.4/tomcat-embed-websocket-10.1.4.jar:/Users/albertoc.monje/.m2/repository/org/springframework/spring-web/6.0.3/spring-web-6.0.3.jar:/Users/albertoc.monje/.m2/repository/org/springframework/spring-webmvc/6.0.3/spring-webmvc-6.0.3.jar:/Users/albertoc.monje/.m2/repository/org/springframework/boot/spring-boot-starter-test/3.0.1/spring-boot-starter-test-3.0.1.jar:/Users/albertoc.monje/.m2/repository/org/springframework/boot/spring-boot-test/3.0.1/spring-boot-test-3.0.1.jar:/Users/albertoc.monje/.m2/repository/org/springframework/boot/spring-boot-test-autoconfigure/3.0.1/spring-boot-test-autoconfigure-3.0.1.jar:/Users/albertoc.monje/.m2/repository/com/jayway/jsonpath/json-path/2.7.0/json-path-2.7.0.jar:/Users/albertoc.monje/.m2/repository/net/minidev/json-smart/2.4.8/json-smart-2.4.8.jar:/Users/albertoc.monje/.m2/repository/net/minidev/accessors-smart/2.4.8/accessors-smart-2.4.8.jar:/Users/albertoc.monje/.m2/repository/org/ow2/asm/asm/9.1/asm-9.1.jar:/Users/albertoc.monje/.m2/repository/org/slf4j/slf4j-api/2.0.6/slf4j-api-2.0.6.jar:/Users/albertoc.monje/.m2/repository/jakarta/xml/bind/jakarta.xml.bind-api/4.0.0/jakarta.xml.bind-api-4.0.0.jar:/Users/albertoc.monje/.m2/repository/jakarta/activation/jakarta.activation-api/2.1.0/jakarta.activation-api-2.1.0.jar:/Users/albertoc.monje/.m2/repository/org/assertj/assertj-core/3.23.1/assertj-core-3.23.1.jar:/Users/albertoc.monje/.m2/repository/net/bytebuddy/byte-buddy/1.12.20/byte-buddy-1.12.20.jar:/Users/albertoc.monje/.m2/repository/org/hamcrest/hamcrest/2.2/hamcrest-2.2.jar:/Users/albertoc.monje/.m2/repository/org/mockito/mockito-core/4.8.1/mockito-core-4.8.1.jar:/Users/albertoc.monje/.m2/repository/net/bytebuddy/byte-buddy-agent/1.12.20/byte-buddy-agent-1.12.20.jar:/Users/albertoc.monje/.m2/repository/org/objenesis/objenesis/3.2/objenesis-3.2.jar:/Users/albertoc.monje/.m2/repository/org/mockito/mockito-junit-jupiter/4.8.1/mockito-junit-jupiter-4.8.1.jar:/Users/albertoc.monje/.m2/repository/org/skyscreamer/jsonassert/1.5.1/jsonassert-1.5.1.jar:/Users/albertoc.monje/.m2/repository/com/vaadin/external/google/android-json/0.0.20131108.vaadin1/android-json-0.0.20131108.vaadin1.jar:/Users/albertoc.monje/.m2/repository/org/springframework/spring-core/6.0.3/spring-core-6.0.3.jar:/Users/albertoc.monje/.m2/repository/org/springframework/spring-jcl/6.0.3/spring-jcl-6.0.3.jar:/Users/albertoc.monje/.m2/repository/org/springframework/spring-test/6.0.3/spring-test-6.0.3.jar:/Users/albertoc.monje/.m2/repository/org/xmlunit/xmlunit-core/2.9.0/xmlunit-core-2.9.0.jar:/Users/albertoc.monje/.m2/repository/org/springframework/boot/spring-boot-starter-websocket/3.0.1/spring-boot-starter-websocket-3.0.1.jar:/Users/albertoc.monje/.m2/repository/org/springframework/spring-messaging/6.0.3/spring-messaging-6.0.3.jar:/Users/albertoc.monje/.m2/repository/org/springframework/spring-websocket/6.0.3/spring-websocket-6.0.3.jar:/Users/albertoc.monje/.m2/repository/org/springframework/boot/spring-boot-devtools/3.0.1/spring-boot-devtools-3.0.1.jar:/Users/albertoc.monje/.m2/repository/org/springframework/boot/spring-boot/3.0.1/spring-boot-3.0.1.jar:/Users/albertoc.monje/.m2/repository/org/springframework/boot/spring-boot-autoconfigure/3.0.1/spring-boot-autoconfigure-3.0.1.jar:/Users/albertoc.monje/.m2/repository/junit/junit/4.13.2/junit-4.13.2.jar:/Users/albertoc.monje/.m2/repository/org/hamcrest/hamcrest-core/2.2/hamcrest-core-2.2.jar:/Users/albertoc.monje/.m2/repository/org/junit/jupiter/junit-jupiter-api/5.9.3/junit-jupiter-api-5.9.3.jar:/Users/albertoc.monje/.m2/repository/org/opentest4j/opentest4j/1.2.0/opentest4j-1.2.0.jar:/Users/albertoc.monje/.m2/repository/org/junit/platform/junit-platform-commons/1.9.1/junit-platform-commons-1.9.1.jar:/Users/albertoc.monje/.m2/repository/org/apiguardian/apiguardian-api/1.1.2/apiguardian-api-1.1.2.jar:/Users/albertoc.monje/.m2/repository/org/junit/jupiter/junit-jupiter/5.9.3/junit-jupiter-5.9.3.jar:/Users/albertoc.monje/.m2/repository/org/junit/jupiter/junit-jupiter-engine/5.9.1/junit-jupiter-engine-5.9.1.jar:/Users/albertoc.monje/.m2/repository/org/junit/platform/junit-platform-engine/1.9.1/junit-platform-engine-1.9.1.jar:/Users/albertoc.monje/.m2/repository/org/junit/jupiter/junit-jupiter-params/5.9.3/junit-jupiter-params-5.9.3.jar:/Users/albertoc.monje/.m2/repository/com/microsoft/sqlserver/mssql-jdbc/12.6.2.jre11/mssql-jdbc-12.6.2.jre11.jar:/Users/albertoc.monje/.m2/repository/javax/persistence/javax.persistence-api/2.2/javax.persistence-api-2.2.jar:/Users/albertoc.monje/.m2/repository/org/springframework/boot/spring-boot-starter-data-jpa/3.0.1/spring-boot-starter-data-jpa-3.0.1.jar:/Users/albertoc.monje/.m2/repository/org/springframework/boot/spring-boot-starter-aop/3.0.1/spring-boot-starter-aop-3.0.1.jar:/Users/albertoc.monje/.m2/repository/org/aspectj/aspectjweaver/1.9.19/aspectjweaver-1.9.19.jar:/Users/albertoc.monje/.m2/repository/org/springframework/boot/spring-boot-starter-jdbc/3.0.1/spring-boot-starter-jdbc-3.0.1.jar:/Users/albertoc.monje/.m2/repository/com/zaxxer/HikariCP/5.0.1/HikariCP-5.0.1.jar:/Users/albertoc.monje/.m2/repository/org/springframework/spring-jdbc/6.0.3/spring-jdbc-6.0.3.jar:/Users/albertoc.monje/.m2/repository/org/hibernate/orm/hibernate-core/6.1.6.Final/hibernate-core-6.1.6.Final.jar:/Users/albertoc.monje/.m2/repository/jakarta/persistence/jakarta.persistence-api/3.1.0/jakarta.persistence-api-3.1.0.jar:/Users/albertoc.monje/.m2/repository/jakarta/transaction/jakarta.transaction-api/2.0.1/jakarta.transaction-api-2.0.1.jar:/Users/albertoc.monje/.m2/repository/org/jboss/logging/jboss-logging/3.5.0.Final/jboss-logging-3.5.0.Final.jar:/Users/albertoc.monje/.m2/repository/org/hibernate/common/hibernate-commons-annotations/6.0.2.Final/hibernate-commons-annotations-6.0.2.Final.jar:/Users/albertoc.monje/.m2/repository/org/jboss/jandex/2.4.2.Final/jandex-2.4.2.Final.jar:/Users/albertoc.monje/.m2/repository/com/fasterxml/classmate/1.5.1/classmate-1.5.1.jar:/Users/albertoc.monje/.m2/repository/org/glassfish/jaxb/jaxb-runtime/4.0.1/jaxb-runtime-4.0.1.jar:/Users/albertoc.monje/.m2/repository/org/glassfish/jaxb/jaxb-core/4.0.1/jaxb-core-4.0.1.jar:/Users/albertoc.monje/.m2/repository/org/eclipse/angus/angus-activation/1.0.0/angus-activation-1.0.0.jar:/Users/albertoc.monje/.m2/repository/org/glassfish/jaxb/txw2/4.0.1/txw2-4.0.1.jar:/Users/albertoc.monje/.m2/repository/com/sun/istack/istack-commons-runtime/4.1.1/istack-commons-runtime-4.1.1.jar:/Users/albertoc.monje/.m2/repository/jakarta/inject/jakarta.inject-api/2.0.0/jakarta.inject-api-2.0.0.jar:/Users/albertoc.monje/.m2/repository/org/antlr/antlr4-runtime/4.10.1/antlr4-runtime-4.10.1.jar:/Users/albertoc.monje/.m2/repository/org/springframework/data/spring-data-jpa/3.0.0/spring-data-jpa-3.0.0.jar:/Users/albertoc.monje/.m2/repository/org/springframework/data/spring-data-commons/3.0.0/spring-data-commons-3.0.0.jar:/Users/albertoc.monje/.m2/repository/org/springframework/spring-orm/6.0.3/spring-orm-6.0.3.jar:/Users/albertoc.monje/.m2/repository/org/springframework/spring-tx/6.0.3/spring-tx-6.0.3.jar:/Users/albertoc.monje/.m2/repository/org/springframework/spring-aspects/6.0.3/spring-aspects-6.0.3.jar:/Users/albertoc.monje/.m2/repository/io/github/cdimascio/dotenv-java/2.2.0/dotenv-java-2.2.0.jar:/Users/albertoc.monje/.m2/repository/org/springframework/security/spring-security-core/6.2.4/spring-security-core-6.2.4.jar:/Users/albertoc.monje/.m2/repository/org/springframework/security/spring-security-crypto/6.0.1/spring-security-crypto-6.0.1.jar:/Users/albertoc.monje/.m2/repository/org/springframework/spring-aop/6.0.3/spring-aop-6.0.3.jar:/Users/albertoc.monje/.m2/repository/org/springframework/spring-beans/6.0.3/spring-beans-6.0.3.jar:/Users/albertoc.monje/.m2/repository/org/springframework/spring-context/6.0.3/spring-context-6.0.3.jar:/Users/albertoc.monje/.m2/repository/org/springframework/spring-expression/6.0.3/spring-expression-6.0.3.jar:/Users/albertoc.monje/.m2/repository/io/micrometer/micrometer-observation/1.10.2/micrometer-observation-1.10.2.jar:/Users/albertoc.monje/.m2/repository/io/micrometer/micrometer-commons/1.10.2/micrometer-commons-1.10.2.jar:/Users/albertoc.monje/.m2/repository/org/eclipse/jetty/orbit/javax.activation/1.1.0.v201105071233/javax.activation-1.1.0.v201105071233.jar:/Users/albertoc.monje/.m2/repository/com/warrenstrange/googleauth/1.4.0/googleauth-1.4.0.jar:/Users/albertoc.monje/.m2/repository/commons-codec/commons-codec/1.15/commons-codec-1.15.jar:/Users/albertoc.monje/.m2/repository/org/apache/httpcomponents/httpclient/4.5.14/httpclient-4.5.14.jar:/Users/albertoc.monje/.m2/repository/org/apache/httpcomponents/httpcore/4.4.16/httpcore-4.4.16.jar:/Users/albertoc.monje/.m2/repository/javax/ejb/ejb-api/3.0/ejb-api-3.0.jar:/Users/albertoc.monje/.m2/repository/javax/faces/jsf-api/2.0/jsf-api-2.0.jar:/Users/albertoc.monje/.m2/repository/javax/inject/javax.inject/1/javax.inject-1.jar:/Users/albertoc.monje/.m2/repository/com/sun/mail/javax.mail/1.6.2/javax.mail-1.6.2.jar:/Users/albertoc.monje/.m2/repository/javax/activation/activation/1.1/activation-1.1.jar:/Users/albertoc.monje/.m2/repository/com/auth0/java-jwt/4.4.0/java-jwt-4.4.0.jar:/Users/albertoc.monje/.m2/repository/com/fasterxml/jackson/core/jackson-databind/2.14.1/jackson-databind-2.14.1.jar:/Users/albertoc.monje/.m2/repository/com/fasterxml/jackson/core/jackson-annotations/2.14.1/jackson-annotations-2.14.1.jar:/Users/albertoc.monje/.m2/repository/com/fasterxml/jackson/core/jackson-core/2.14.1/jackson-core-2.14.1.jar:"/>
    <property name="java.vm.vendor" value="Homebrew"/>
    <property name="sun.arch.data.model" value="64"/>
    <property name="java.vendor.url" value="https://github.com/Homebrew/homebrew-core/issues"/>
    <property name="os.name" value="Mac OS X"/>
    <property name="java.vm.specification.version" value="23"/>
    <property name="sun.java.launcher" value="SUN_STANDARD"/>
    <property name="user.country" value="ES"/>
    <property name="sun.boot.library.path" value="/opt/homebrew/Cellar/openjdk/23.0.1/libexec/openjdk.jdk/Contents/Home/lib"/>
    <property name="sun.java.command" value="/Users/albertoc.monje/Documents/GitHub/Planify-Backend/Planify-BE-2024-1.0/target/surefire/surefirebooter9089698899736897706.jar /Users/albertoc.monje/Documents/GitHub/Planify-Backend/Planify-BE-2024-1.0/target/surefire 2024-12-11T17-09-30_583-jvmRun1 surefire16360461441248289105tmp surefire_07851077280147432754tmp"/>
    <property name="http.nonProxyHosts" value="local|*.local|169.254/16|*.169.254/16"/>
    <property name="jdk.debug" value="release"/>
    <property name="surefire.test.class.path" value="/Users/albertoc.monje/Documents/GitHub/Planify-Backend/Planify-BE-2024-1.0/target/test-classes:/Users/albertoc.monje/Documents/GitHub/Planify-Backend/Planify-BE-2024-1.0/target/classes:/Users/albertoc.monje/.m2/repository/org/springframework/boot/spring-boot-starter-web/3.0.1/spring-boot-starter-web-3.0.1.jar:/Users/albertoc.monje/.m2/repository/org/springframework/boot/spring-boot-starter/3.0.1/spring-boot-starter-3.0.1.jar:/Users/albertoc.monje/.m2/repository/org/springframework/boot/spring-boot-starter-logging/3.0.1/spring-boot-starter-logging-3.0.1.jar:/Users/albertoc.monje/.m2/repository/ch/qos/logback/logback-classic/1.4.5/logback-classic-1.4.5.jar:/Users/albertoc.monje/.m2/repository/ch/qos/logback/logback-core/1.4.5/logback-core-1.4.5.jar:/Users/albertoc.monje/.m2/repository/org/apache/logging/log4j/log4j-to-slf4j/2.19.0/log4j-to-slf4j-2.19.0.jar:/Users/albertoc.monje/.m2/repository/org/apache/logging/log4j/log4j-api/2.19.0/log4j-api-2.19.0.jar:/Users/albertoc.monje/.m2/repository/org/slf4j/jul-to-slf4j/2.0.6/jul-to-slf4j-2.0.6.jar:/Users/albertoc.monje/.m2/repository/jakarta/annotation/jakarta.annotation-api/2.1.1/jakarta.annotation-api-2.1.1.jar:/Users/albertoc.monje/.m2/repository/org/yaml/snakeyaml/1.33/snakeyaml-1.33.jar:/Users/albertoc.monje/.m2/repository/org/springframework/boot/spring-boot-starter-json/3.0.1/spring-boot-starter-json-3.0.1.jar:/Users/albertoc.monje/.m2/repository/com/fasterxml/jackson/datatype/jackson-datatype-jdk8/2.14.1/jackson-datatype-jdk8-2.14.1.jar:/Users/albertoc.monje/.m2/repository/com/fasterxml/jackson/datatype/jackson-datatype-jsr310/2.14.1/jackson-datatype-jsr310-2.14.1.jar:/Users/albertoc.monje/.m2/repository/com/fasterxml/jackson/module/jackson-module-parameter-names/2.14.1/jackson-module-parameter-names-2.14.1.jar:/Users/albertoc.monje/.m2/repository/org/springframework/boot/spring-boot-starter-tomcat/3.0.1/spring-boot-starter-tomcat-3.0.1.jar:/Users/albertoc.monje/.m2/repository/org/apache/tomcat/embed/tomcat-embed-core/10.1.4/tomcat-embed-core-10.1.4.jar:/Users/albertoc.monje/.m2/repository/org/apache/tomcat/embed/tomcat-embed-el/10.1.4/tomcat-embed-el-10.1.4.jar:/Users/albertoc.monje/.m2/repository/org/apache/tomcat/embed/tomcat-embed-websocket/10.1.4/tomcat-embed-websocket-10.1.4.jar:/Users/albertoc.monje/.m2/repository/org/springframework/spring-web/6.0.3/spring-web-6.0.3.jar:/Users/albertoc.monje/.m2/repository/org/springframework/spring-webmvc/6.0.3/spring-webmvc-6.0.3.jar:/Users/albertoc.monje/.m2/repository/org/springframework/boot/spring-boot-starter-test/3.0.1/spring-boot-starter-test-3.0.1.jar:/Users/albertoc.monje/.m2/repository/org/springframework/boot/spring-boot-test/3.0.1/spring-boot-test-3.0.1.jar:/Users/albertoc.monje/.m2/repository/org/springframework/boot/spring-boot-test-autoconfigure/3.0.1/spring-boot-test-autoconfigure-3.0.1.jar:/Users/albertoc.monje/.m2/repository/com/jayway/jsonpath/json-path/2.7.0/json-path-2.7.0.jar:/Users/albertoc.monje/.m2/repository/net/minidev/json-smart/2.4.8/json-smart-2.4.8.jar:/Users/albertoc.monje/.m2/repository/net/minidev/accessors-smart/2.4.8/accessors-smart-2.4.8.jar:/Users/albertoc.monje/.m2/repository/org/ow2/asm/asm/9.1/asm-9.1.jar:/Users/albertoc.monje/.m2/repository/org/slf4j/slf4j-api/2.0.6/slf4j-api-2.0.6.jar:/Users/albertoc.monje/.m2/repository/jakarta/xml/bind/jakarta.xml.bind-api/4.0.0/jakarta.xml.bind-api-4.0.0.jar:/Users/albertoc.monje/.m2/repository/jakarta/activation/jakarta.activation-api/2.1.0/jakarta.activation-api-2.1.0.jar:/Users/albertoc.monje/.m2/repository/org/assertj/assertj-core/3.23.1/assertj-core-3.23.1.jar:/Users/albertoc.monje/.m2/repository/net/bytebuddy/byte-buddy/1.12.20/byte-buddy-1.12.20.jar:/Users/albertoc.monje/.m2/repository/org/hamcrest/hamcrest/2.2/hamcrest-2.2.jar:/Users/albertoc.monje/.m2/repository/org/mockito/mockito-core/4.8.1/mockito-core-4.8.1.jar:/Users/albertoc.monje/.m2/repository/net/bytebuddy/byte-buddy-agent/1.12.20/byte-buddy-agent-1.12.20.jar:/Users/albertoc.monje/.m2/repository/org/objenesis/objenesis/3.2/objenesis-3.2.jar:/Users/albertoc.monje/.m2/repository/org/mockito/mockito-junit-jupiter/4.8.1/mockito-junit-jupiter-4.8.1.jar:/Users/albertoc.monje/.m2/repository/org/skyscreamer/jsonassert/1.5.1/jsonassert-1.5.1.jar:/Users/albertoc.monje/.m2/repository/com/vaadin/external/google/android-json/0.0.20131108.vaadin1/android-json-0.0.20131108.vaadin1.jar:/Users/albertoc.monje/.m2/repository/org/springframework/spring-core/6.0.3/spring-core-6.0.3.jar:/Users/albertoc.monje/.m2/repository/org/springframework/spring-jcl/6.0.3/spring-jcl-6.0.3.jar:/Users/albertoc.monje/.m2/repository/org/springframework/spring-test/6.0.3/spring-test-6.0.3.jar:/Users/albertoc.monje/.m2/repository/org/xmlunit/xmlunit-core/2.9.0/xmlunit-core-2.9.0.jar:/Users/albertoc.monje/.m2/repository/org/springframework/boot/spring-boot-starter-websocket/3.0.1/spring-boot-starter-websocket-3.0.1.jar:/Users/albertoc.monje/.m2/repository/org/springframework/spring-messaging/6.0.3/spring-messaging-6.0.3.jar:/Users/albertoc.monje/.m2/repository/org/springframework/spring-websocket/6.0.3/spring-websocket-6.0.3.jar:/Users/albertoc.monje/.m2/repository/org/springframework/boot/spring-boot-devtools/3.0.1/spring-boot-devtools-3.0.1.jar:/Users/albertoc.monje/.m2/repository/org/springframework/boot/spring-boot/3.0.1/spring-boot-3.0.1.jar:/Users/albertoc.monje/.m2/repository/org/springframework/boot/spring-boot-autoconfigure/3.0.1/spring-boot-autoconfigure-3.0.1.jar:/Users/albertoc.monje/.m2/repository/junit/junit/4.13.2/junit-4.13.2.jar:/Users/albertoc.monje/.m2/repository/org/hamcrest/hamcrest-core/2.2/hamcrest-core-2.2.jar:/Users/albertoc.monje/.m2/repository/org/junit/jupiter/junit-jupiter-api/5.9.3/junit-jupiter-api-5.9.3.jar:/Users/albertoc.monje/.m2/repository/org/opentest4j/opentest4j/1.2.0/opentest4j-1.2.0.jar:/Users/albertoc.monje/.m2/repository/org/junit/platform/junit-platform-commons/1.9.1/junit-platform-commons-1.9.1.jar:/Users/albertoc.monje/.m2/repository/org/apiguardian/apiguardian-api/1.1.2/apiguardian-api-1.1.2.jar:/Users/albertoc.monje/.m2/repository/org/junit/jupiter/junit-jupiter/5.9.3/junit-jupiter-5.9.3.jar:/Users/albertoc.monje/.m2/repository/org/junit/jupiter/junit-jupiter-engine/5.9.1/junit-jupiter-engine-5.9.1.jar:/Users/albertoc.monje/.m2/repository/org/junit/platform/junit-platform-engine/1.9.1/junit-platform-engine-1.9.1.jar:/Users/albertoc.monje/.m2/repository/org/junit/jupiter/junit-jupiter-params/5.9.3/junit-jupiter-params-5.9.3.jar:/Users/albertoc.monje/.m2/repository/com/microsoft/sqlserver/mssql-jdbc/12.6.2.jre11/mssql-jdbc-12.6.2.jre11.jar:/Users/albertoc.monje/.m2/repository/javax/persistence/javax.persistence-api/2.2/javax.persistence-api-2.2.jar:/Users/albertoc.monje/.m2/repository/org/springframework/boot/spring-boot-starter-data-jpa/3.0.1/spring-boot-starter-data-jpa-3.0.1.jar:/Users/albertoc.monje/.m2/repository/org/springframework/boot/spring-boot-starter-aop/3.0.1/spring-boot-starter-aop-3.0.1.jar:/Users/albertoc.monje/.m2/repository/org/aspectj/aspectjweaver/1.9.19/aspectjweaver-1.9.19.jar:/Users/albertoc.monje/.m2/repository/org/springframework/boot/spring-boot-starter-jdbc/3.0.1/spring-boot-starter-jdbc-3.0.1.jar:/Users/albertoc.monje/.m2/repository/com/zaxxer/HikariCP/5.0.1/HikariCP-5.0.1.jar:/Users/albertoc.monje/.m2/repository/org/springframework/spring-jdbc/6.0.3/spring-jdbc-6.0.3.jar:/Users/albertoc.monje/.m2/repository/org/hibernate/orm/hibernate-core/6.1.6.Final/hibernate-core-6.1.6.Final.jar:/Users/albertoc.monje/.m2/repository/jakarta/persistence/jakarta.persistence-api/3.1.0/jakarta.persistence-api-3.1.0.jar:/Users/albertoc.monje/.m2/repository/jakarta/transaction/jakarta.transaction-api/2.0.1/jakarta.transaction-api-2.0.1.jar:/Users/albertoc.monje/.m2/repository/org/jboss/logging/jboss-logging/3.5.0.Final/jboss-logging-3.5.0.Final.jar:/Users/albertoc.monje/.m2/repository/org/hibernate/common/hibernate-commons-annotations/6.0.2.Final/hibernate-commons-annotations-6.0.2.Final.jar:/Users/albertoc.monje/.m2/repository/org/jboss/jandex/2.4.2.Final/jandex-2.4.2.Final.jar:/Users/albertoc.monje/.m2/repository/com/fasterxml/classmate/1.5.1/classmate-1.5.1.jar:/Users/albertoc.monje/.m2/repository/org/glassfish/jaxb/jaxb-runtime/4.0.1/jaxb-runtime-4.0.1.jar:/Users/albertoc.monje/.m2/repository/org/glassfish/jaxb/jaxb-core/4.0.1/jaxb-core-4.0.1.jar:/Users/albertoc.monje/.m2/repository/org/eclipse/angus/angus-activation/1.0.0/angus-activation-1.0.0.jar:/Users/albertoc.monje/.m2/repository/org/glassfish/jaxb/txw2/4.0.1/txw2-4.0.1.jar:/Users/albertoc.monje/.m2/repository/com/sun/istack/istack-commons-runtime/4.1.1/istack-commons-runtime-4.1.1.jar:/Users/albertoc.monje/.m2/repository/jakarta/inject/jakarta.inject-api/2.0.0/jakarta.inject-api-2.0.0.jar:/Users/albertoc.monje/.m2/repository/org/antlr/antlr4-runtime/4.10.1/antlr4-runtime-4.10.1.jar:/Users/albertoc.monje/.m2/repository/org/springframework/data/spring-data-jpa/3.0.0/spring-data-jpa-3.0.0.jar:/Users/albertoc.monje/.m2/repository/org/springframework/data/spring-data-commons/3.0.0/spring-data-commons-3.0.0.jar:/Users/albertoc.monje/.m2/repository/org/springframework/spring-orm/6.0.3/spring-orm-6.0.3.jar:/Users/albertoc.monje/.m2/repository/org/springframework/spring-tx/6.0.3/spring-tx-6.0.3.jar:/Users/albertoc.monje/.m2/repository/org/springframework/spring-aspects/6.0.3/spring-aspects-6.0.3.jar:/Users/albertoc.monje/.m2/repository/io/github/cdimascio/dotenv-java/2.2.0/dotenv-java-2.2.0.jar:/Users/albertoc.monje/.m2/repository/org/springframework/security/spring-security-core/6.2.4/spring-security-core-6.2.4.jar:/Users/albertoc.monje/.m2/repository/org/springframework/security/spring-security-crypto/6.0.1/spring-security-crypto-6.0.1.jar:/Users/albertoc.monje/.m2/repository/org/springframework/spring-aop/6.0.3/spring-aop-6.0.3.jar:/Users/albertoc.monje/.m2/repository/org/springframework/spring-beans/6.0.3/spring-beans-6.0.3.jar:/Users/albertoc.monje/.m2/repository/org/springframework/spring-context/6.0.3/spring-context-6.0.3.jar:/Users/albertoc.monje/.m2/repository/org/springframework/spring-expression/6.0.3/spring-expression-6.0.3.jar:/Users/albertoc.monje/.m2/repository/io/micrometer/micrometer-observation/1.10.2/micrometer-observation-1.10.2.jar:/Users/albertoc.monje/.m2/repository/io/micrometer/micrometer-commons/1.10.2/micrometer-commons-1.10.2.jar:/Users/albertoc.monje/.m2/repository/org/eclipse/jetty/orbit/javax.activation/1.1.0.v201105071233/javax.activation-1.1.0.v201105071233.jar:/Users/albertoc.monje/.m2/repository/com/warrenstrange/googleauth/1.4.0/googleauth-1.4.0.jar:/Users/albertoc.monje/.m2/repository/commons-codec/commons-codec/1.15/commons-codec-1.15.jar:/Users/albertoc.monje/.m2/repository/org/apache/httpcomponents/httpclient/4.5.14/httpclient-4.5.14.jar:/Users/albertoc.monje/.m2/repository/org/apache/httpcomponents/httpcore/4.4.16/httpcore-4.4.16.jar:/Users/albertoc.monje/.m2/repository/javax/ejb/ejb-api/3.0/ejb-api-3.0.jar:/Users/albertoc.monje/.m2/repository/javax/faces/jsf-api/2.0/jsf-api-2.0.jar:/Users/albertoc.monje/.m2/repository/javax/inject/javax.inject/1/javax.inject-1.jar:/Users/albertoc.monje/.m2/repository/com/sun/mail/javax.mail/1.6.2/javax.mail-1.6.2.jar:/Users/albertoc.monje/.m2/repository/javax/activation/activation/1.1/activation-1.1.jar:/Users/albertoc.monje/.m2/repository/com/auth0/java-jwt/4.4.0/java-jwt-4.4.0.jar:/Users/albertoc.monje/.m2/repository/com/fasterxml/jackson/core/jackson-databind/2.14.1/jackson-databind-2.14.1.jar:/Users/albertoc.monje/.m2/repository/com/fasterxml/jackson/core/jackson-annotations/2.14.1/jackson-annotations-2.14.1.jar:/Users/albertoc.monje/.m2/repository/com/fasterxml/jackson/core/jackson-core/2.14.1/jackson-core-2.14.1.jar:"/>
    <property name="sun.cpu.endian" value="little"/>
    <property name="user.home" value="/Users/albertoc.monje"/>
    <property name="user.language" value="es"/>
    <property name="java.specification.vendor" value="Oracle Corporation"/>
    <property name="java.version.date" value="2024-10-15"/>
    <property name="java.home" value="/opt/homebrew/Cellar/openjdk/23.0.1/libexec/openjdk.jdk/Contents/Home"/>
    <property name="file.separator" value="/"/>
    <property name="basedir" value="/Users/albertoc.monje/Documents/GitHub/Planify-Backend/Planify-BE-2024-1.0"/>
    <property name="java.vm.compressedOopsMode" value="Zero based"/>
    <property name="line.separator" value="&#10;"/>
    <property name="java.vm.specification.vendor" value="Oracle Corporation"/>
    <property name="java.specification.name" value="Java Platform API Specification"/>
    <property name="apple.awt.application.name" value="ForkedBooter"/>
    <property name="surefire.real.class.path" value="/Users/albertoc.monje/Documents/GitHub/Planify-Backend/Planify-BE-2024-1.0/target/surefire/surefirebooter9089698899736897706.jar"/>
    <property name="sun.management.compiler" value="HotSpot 64-Bit Tiered Compilers"/>
    <property name="ftp.nonProxyHosts" value="local|*.local|169.254/16|*.169.254/16"/>
    <property name="java.runtime.version" value="23.0.1"/>
    <property name="user.name" value="albertoc.monje"/>
    <property name="stdout.encoding" value="UTF-8"/>
    <property name="path.separator" value=":"/>
    <property name="os.version" value="15.0.1"/>
    <property name="java.runtime.name" value="OpenJDK Runtime Environment"/>
    <property name="file.encoding" value="UTF-8"/>
    <property name="java.vm.name" value="OpenJDK 64-Bit Server VM"/>
    <property name="java.vendor.version" value="Homebrew"/>
    <property name="localRepository" value="/Users/albertoc.monje/.m2/repository"/>
    <property name="java.vendor.url.bug" value="https://github.com/Homebrew/homebrew-core/issues"/>
    <property name="java.io.tmpdir" value="/var/folders/sn/bj0_1gt55z553hpwqq7cfypc0000gn/T/"/>
    <property name="java.version" value="23.0.1"/>
    <property name="user.dir" value="/Users/albertoc.monje/Documents/GitHub/Planify-Backend/Planify-BE-2024-1.0"/>
    <property name="os.arch" value="aarch64"/>
    <property name="java.vm.specification.name" value="Java Virtual Machine Specification"/>
    <property name="native.encoding" value="UTF-8"/>
    <property name="java.library.path" value="/Users/albertoc.monje/Library/Java/Extensions:/Library/Java/Extensions:/Network/Library/Java/Extensions:/System/Library/Java/Extensions:/usr/lib/java:."/>
    <property name="java.vm.info" value="mixed mode, sharing"/>
    <property name="stderr.encoding" value="UTF-8"/>
    <property name="java.vendor" value="Homebrew"/>
    <property name="java.vm.version" value="23.0.1"/>
    <property name="sun.io.unicode.encoding" value="UnicodeBig"/>
    <property name="socksNonProxyHosts" value="local|*.local|169.254/16|*.169.254/16"/>
    <property name="java.class.version" value="67.0"/>
  </properties>
  <testcase name="testChangePassword" classname="iso.e02.planify.controllers.RecoveryControllerTest" time="0.005"/>
  <testcase name="testSendEmail" classname="iso.e02.planify.controllers.RecoveryControllerTest" time="0"/>
</testsuite>